make.exe all --print-data-base --no-builtin-variables --no-builtin-rules --question
make: *** No rule to make target 'all'.  Stop.

# GNU Make 4.3
# Built for x86_64-pc-cygwin
# Copyright (C) 1988-2020 Free Software Foundation, Inc.
# License GPLv3+: GNU GPL version 3 or later <http://gnu.org/licenses/gpl.html>
# This is free software: you are free to change and redistribute it.
# There is NO WARRANTY, to the extent permitted by law.

# Make data base, printed on Fri Apr 29 12:08:54 2022

# Variables

# environment
SYSTEMDRIVE = C:
# environment
LC_ALL = C
# environment
USERPROFILE = C:\Users\joaov
# environment
VBOX_MSI_INSTALL_PATH = C:\Program Files\Oracle\VirtualBox\
# environment
LOCALAPPDATA = C:\Users\joaov\AppData\Local
# environment
VSCODE_IPC_HOOK_EXTHOST = \\.\pipe\vscode-ipc-49316a7e-0a29-415d-844e-8b7adbbb644d-sock
# environment
VSCODE_CWD = C:\Users\joaov\AppData\Local\Programs\Microsoft VS Code
# environment
SYSTEMROOT = C:\WINDOWS
# environment
PROCESSOR_LEVEL = 6
# environment
PSMODULEPATH = C:\Program Files\WindowsPowerShell\Modules;C:\WINDOWS\system32\WindowsPowerShell\v1.0\Modules
# default
MAKE_COMMAND := make
# automatic
@D = $(patsubst %/,%,$(dir $@))
# environment
CHROME_CRASHPAD_PIPE_NAME = \\.\pipe\crashpad_26828_MPLTYYGQMJVDSEQM
# environment
VSCODE_HANDLES_UNCAUGHT_ERRORS = true
# default
.VARIABLES := 
# automatic
%D = $(patsubst %/,%,$(dir $%))
# automatic
^D = $(patsubst %/,%,$(dir $^))
# environment
VSCODE_LOG_STACK = false
# automatic
%F = $(notdir $%)
# environment
VSCODE_CODE_CACHE_PATH = C:\Users\joaov\AppData\Roaming\Code\CachedData\dfd34e8260c270da74b5c2d86d61aee4b6d56977
# environment
LANG = C
# default
.LOADED := 
# environment
TMP = /cygdrive/c/Users/joaov/AppData/Local/Temp
# default
.INCLUDE_DIRS = /usr/include /usr/include
# makefile
MAKEFLAGS = pqrR
# environment
ONEDRIVE = C:\Users\joaov\OneDrive
# makefile
CURDIR := /cygdrive/c/Users/joaov/Desktop/EDCI/EDTP/lista4
# environment
VSCODE_PIPE_LOGGING = true
# environment
APPLICATION_INSIGHTS_NO_DIAGNOSTIC_CHANNEL = 1
# automatic
*D = $(patsubst %/,%,$(dir $*))
# environment
PROGRAMFILES = C:\Program Files
# environment
MFLAGS = -pqrR
# default
.SHELLFLAGS := -c
# environment
!C: = c:\Users\joaov\Desktop\EDCI\EDTP\lista4
# environment
COMMONPROGRAMW6432 = C:\Program Files\Common Files
# automatic
+D = $(patsubst %/,%,$(dir $+))
# makefile
MAKEFILE_LIST := 
# automatic
@F = $(notdir $@)
# environment
VSCODE_VERBOSE_LOGGING = true
# environment
VSCODE_PID = 26828
# automatic
?D = $(patsubst %/,%,$(dir $?))
# automatic
*F = $(notdir $*)
# automatic
<D = $(patsubst %/,%,$(dir $<))
# environment
VSCODE_NLS_CONFIG = {"locale":"pt-br","availableLanguages":{},"_languagePackSupport":true}
# default
MAKE_HOST := x86_64-pc-cygwin
# environment
PROGRAMDATA = C:\ProgramData
# default
SHELL := /bin/sh
# environment
HOMEPATH = \Users\joaov
# default
MAKECMDGOALS := all
# environment
DRIVERDATA = C:\Windows\System32\Drivers\DriverData
# environment
COMSPEC = C:\WINDOWS\system32\cmd.exe
# environment
WINDIR = C:\WINDOWS
# environment
MAKELEVEL := 0
# default
MAKE = $(MAKE_COMMAND)
# environment
PATH = /cygdrive/c/Program Files/Python310/Scripts:/cygdrive/c/Program Files/Python310:/cygdrive/c/Windows/system32:/cygdrive/c/Windows:/cygdrive/c/Windows/System32/Wbem:/cygdrive/c/Windows/System32/WindowsPowerShell/v1.0:/cygdrive/c/Windows/System32/OpenSSH:/cygdrive/c/Program Files (x86)/NVIDIA Corporation/PhysX/Common:/cygdrive/c/Program Files/NVIDIA Corporation/NVIDIA NvDLISR:/cygdrive/c/WINDOWS/system32:/cygdrive/c/WINDOWS:/cygdrive/c/WINDOWS/System32/Wbem:/cygdrive/c/WINDOWS/System32/WindowsPowerShell/v1.0:/cygdrive/c/WINDOWS/System32/OpenSSH:/cygdrive/c/Program Files/Git/cmd:/cygdrive/c/Users/joaov/AppData/Local/Programs/Python/Python310:/usr/bin:/cygdrive/c/Users/joaov/AppData/Local/Microsoft/WindowsApps:/cygdrive/c/Users/joaov/AppData/Local/Programs/Microsoft VS Code/bin:/usr/bin
# environment
ZES_ENABLE_SYSMAN = 1
# environment
COMPUTERNAME = LAPTOP-OCUVDL7U
# default
MAKEFILES := 
# automatic
^F = $(notdir $^)
# environment
PROMPT = $P$G
# environment
LOGONSERVER = \\LAPTOP-OCUVDL7U
# environment
VSCODE_LOG_NATIVE = false
# environment
USERNAME = joaov
# environment
COMMONPROGRAMFILES = C:\Program Files\Common Files
# automatic
?F = $(notdir $?)
# environment
PROGRAMW6432 = C:\Program Files
# environment
PATHEXT = .COM;.EXE;.BAT;.CMD;.VBS;.VBE;.JS;.JSE;.WSF;.WSH;.MSC;.PY;.PYW
# automatic
+F = $(notdir $+)
# environment
ORIGINAL_XDG_CURRENT_DESKTOP = undefined
# environment
USERDOMAIN = LAPTOP-OCUVDL7U
# 'override' directive
GNUMAKEFLAGS := 
# environment
OS = Windows_NT
# makefile
.DEFAULT_GOAL := 
# default
MAKE_VERSION := 4.3
# environment
PROGRAMFILES(X86) = C:\Program Files (x86)
# environment
USERDOMAIN_ROAMINGPROFILE = LAPTOP-OCUVDL7U
# environment
NUMBER_OF_PROCESSORS = 12
# environment
PUBLIC = C:\Users\Public
# environment
APPDATA = C:\Users\joaov\AppData\Roaming
# environment
HOMEDRIVE = C:
# environment
PROCESSOR_ARCHITECTURE = AMD64
# environment
VSCODE_AMD_ENTRYPOINT = vs/workbench/api/node/extensionHostProcess
# environment
HOME = /home/joaov
# environment
COMMONPROGRAMFILES(X86) = C:\Program Files (x86)\Common Files
# environment
ELECTRON_RUN_AS_NODE = 1
# environment
TEMP = /cygdrive/c/Users/joaov/AppData/Local/Temp
# environment
VSCODE_IPC_HOOK = \\.\pipe\b81936a9d12e03a31f878a7a79216fdb-1.66.2-main-sock
# environment
TERM = xterm-256color
# default
.RECIPEPREFIX := 
# automatic
<F = $(notdir $<)
# default
SUFFIXES := 
# environment
ALLUSERSPROFILE = C:\ProgramData
# environment
SESSIONNAME = Console
# default
.FEATURES := target-specific order-only second-expansion else-if shortest-stem undefine oneshell nocomment grouped-target extra-prereqs archives jobserver output-sync check-symlink guile load
# environment
PROCESSOR_REVISION = a502
# environment
PROCESSOR_IDENTIFIER = Intel64 Family 6 Model 165 Stepping 2, GenuineIntel
# variable set hash-table stats:
# Load=96/1024=9%, Rehash=0, Collisions=11/120=9%

# Pattern-specific Variable Values

# No pattern-specific variable values.

# Directories

# . (device 415006979, inode 7599824371214617): 4 files, no impossibilities.

# 4 files, no impossibilities in 1 directories.

# Implicit Rules

# No implicit rules.

# Files

# Not a target:
Makefile:
#  Implicit rule search has been done.
#  File does not exist.
#  File has been updated.
#  Failed to be updated.

# Not a target:
.DEFAULT:
#  Implicit rule search has not been done.
#  Modification time never checked.
#  File has not been updated.

# Not a target:
all:
#  Command line target.
#  Implicit rule search has been done.
#  File does not exist.
#  File has not been updated.

# Not a target:
makefile:
#  Implicit rule search has been done.
#  File does not exist.
#  File has been updated.
#  Failed to be updated.

# Not a target:
GNUmakefile:
#  Implicit rule search has been done.
#  File does not exist.
#  File has been updated.
#  Failed to be updated.

# files hash-table stats:
# Load=6/1024=1%, Rehash=0, Collisions=0/15=0%
# VPATH Search Paths

# No 'vpath' search paths.

# No general ('VPATH' variable) search path.

# strcache buffers: 1 (0) / strings = 11 / storage = 86 B / avg = 7 B
# current buf: size = 8162 B / used = 86 B / count = 11 / avg = 7 B

# strcache performance: lookups = 14 / hit rate = 21%
# hash-table stats:
# Load=11/8192=0%, Rehash=0, Collisions=0/14=0%
# Finished Make data base on Fri Apr 29 12:08:54 2022

 
